-------------------------------------------------------------------------------
Test set: com.example.demo_test_upload_image.DemoTestUploadImageApplicationTests
-------------------------------------------------------------------------------
Tests run: 3, Failures: 0, Errors: 3, Skipped: 0, Time elapsed: 0.13 s <<< FAILURE! - in com.example.demo_test_upload_image.DemoTestUploadImageApplicationTests
initializationError(com.example.demo_test_upload_image.DemoTestUploadImageApplicationTests)  Time elapsed: 0.004 s  <<< ERROR!
java.lang.Exception: The class com.example.demo_test_upload_image.DemoTestUploadImageApplicationTests is not public.

initializationError(com.example.demo_test_upload_image.DemoTestUploadImageApplicationTests)  Time elapsed: 0 s  <<< ERROR!
java.lang.Exception: Test class should have exactly one public constructor

initializationError(com.example.demo_test_upload_image.DemoTestUploadImageApplicationTests)  Time elapsed: 0 s  <<< ERROR!
java.lang.Exception: Method contextLoads() should be public

